2020-02-04 17:25:10.865  INFO 3932 --- [main] cn.czy15.zyweb.ZyWebApplicationTests     : Starting ZyWebApplicationTests on B0S8UKBOFJR55TU with PID 3932 (started by Administrator in D:\ideapro\zyweb)
2020-02-04 17:25:10.871 DEBUG 3932 --- [main] cn.czy15.zyweb.ZyWebApplicationTests     : Running with Spring Boot v2.2.2.RELEASE, Spring v5.2.2.RELEASE
2020-02-04 17:25:10.873  INFO 3932 --- [main] cn.czy15.zyweb.ZyWebApplicationTests     : No active profile set, falling back to default profiles: default
2020-02-04 17:25:14.020  INFO 3932 --- [main] .s.d.r.c.RepositoryConfigurationDelegate : Multiple Spring Data modules found, entering strict repository configuration mode!
2020-02-04 17:25:14.026  INFO 3932 --- [main] .s.d.r.c.RepositoryConfigurationDelegate : Bootstrapping Spring Data Redis repositories in DEFAULT mode.
2020-02-04 17:25:14.112  INFO 3932 --- [main] .s.d.r.c.RepositoryConfigurationDelegate : Finished Spring Data repository scanning in 53ms. Found 0 Redis repository interfaces.
2020-02-04 17:25:16.102  INFO 3932 --- [main] trationDelegate$BeanPostProcessorChecker : Bean 'shiroConfig' of type [cn.czy15.zyweb.config.ShiroConfig$$EnhancerBySpringCGLIB$$614d3ae9] is not eligible for getting processed by all BeanPostProcessors (for example: not eligible for auto-proxying)
2020-02-04 17:25:21.107  INFO 3932 --- [main] trationDelegate$BeanPostProcessorChecker : Bean 'redisConfig' of type [cn.czy15.zyweb.config.RedisConfig$$EnhancerBySpringCGLIB$$ac1bc233] is not eligible for getting processed by all BeanPostProcessors (for example: not eligible for auto-proxying)
2020-02-04 17:25:21.174  INFO 3932 --- [main] trationDelegate$BeanPostProcessorChecker : Bean 'spring.redis-org.springframework.boot.autoconfigure.data.redis.RedisProperties' of type [org.springframework.boot.autoconfigure.data.redis.RedisProperties] is not eligible for getting processed by all BeanPostProcessors (for example: not eligible for auto-proxying)
2020-02-04 17:25:21.199  INFO 3932 --- [main] trationDelegate$BeanPostProcessorChecker : Bean 'org.springframework.boot.autoconfigure.data.redis.LettuceConnectionConfiguration' of type [org.springframework.boot.autoconfigure.data.redis.LettuceConnectionConfiguration] is not eligible for getting processed by all BeanPostProcessors (for example: not eligible for auto-proxying)
2020-02-04 17:25:21.850  INFO 3932 --- [main] trationDelegate$BeanPostProcessorChecker : Bean 'lettuceClientResources' of type [io.lettuce.core.resource.DefaultClientResources] is not eligible for getting processed by all BeanPostProcessors (for example: not eligible for auto-proxying)
2020-02-04 17:25:22.194  INFO 3932 --- [main] trationDelegate$BeanPostProcessorChecker : Bean 'redisConnectionFactory' of type [org.springframework.data.redis.connection.lettuce.LettuceConnectionFactory] is not eligible for getting processed by all BeanPostProcessors (for example: not eligible for auto-proxying)
2020-02-04 17:25:22.382  INFO 3932 --- [main] trationDelegate$BeanPostProcessorChecker : Bean 'redisTemplate' of type [org.springframework.data.redis.core.RedisTemplate] is not eligible for getting processed by all BeanPostProcessors (for example: not eligible for auto-proxying)
2020-02-04 17:25:22.383  INFO 3932 --- [main] trationDelegate$BeanPostProcessorChecker : Bean 'redisService' of type [cn.czy15.zyweb.service.RedisService] is not eligible for getting processed by all BeanPostProcessors (for example: not eligible for auto-proxying)
2020-02-04 17:25:22.383  INFO 3932 --- [main] trationDelegate$BeanPostProcessorChecker : Bean 'customHashedCredentialsMatcher' of type [cn.czy15.zyweb.shiro.CustomHashedCredentialsMatcher] is not eligible for getting processed by all BeanPostProcessors (for example: not eligible for auto-proxying)
2020-02-04 17:25:22.389  INFO 3932 --- [main] trationDelegate$BeanPostProcessorChecker : Bean 'redisCacheManager' of type [cn.czy15.zyweb.shiro.RedisCacheManager] is not eligible for getting processed by all BeanPostProcessors (for example: not eligible for auto-proxying)
2020-02-04 17:25:22.445  INFO 3932 --- [main] trationDelegate$BeanPostProcessorChecker : Bean 'customRealm' of type [cn.czy15.zyweb.shiro.CustomRealm] is not eligible for getting processed by all BeanPostProcessors (for example: not eligible for auto-proxying)
2020-02-04 17:25:22.484  INFO 3932 --- [main] trationDelegate$BeanPostProcessorChecker : Bean 'securityManager' of type [org.apache.shiro.web.mgt.DefaultWebSecurityManager] is not eligible for getting processed by all BeanPostProcessors (for example: not eligible for auto-proxying)
2020-02-04 17:25:22.664  INFO 3932 --- [main] trationDelegate$BeanPostProcessorChecker : Bean 'authorizationAttributeSourceAdvisor' of type [org.apache.shiro.spring.security.interceptor.AuthorizationAttributeSourceAdvisor] is not eligible for getting processed by all BeanPostProcessors (for example: not eligible for auto-proxying)
2020-02-04 17:25:22.763  INFO 3932 --- [main] trationDelegate$BeanPostProcessorChecker : Bean 'org.springframework.transaction.annotation.ProxyTransactionManagementConfiguration' of type [org.springframework.transaction.annotation.ProxyTransactionManagementConfiguration] is not eligible for getting processed by all BeanPostProcessors (for example: not eligible for auto-proxying)
2020-02-04 17:25:23.614  INFO 3932 --- [main] c.a.d.s.b.a.DruidDataSourceAutoConfigure : Init DruidDataSource
2020-02-04 17:25:24.874  INFO 3932 --- [main] com.alibaba.druid.pool.DruidDataSource   : {dataSource-1} inited
2020-02-04 17:25:27.514  INFO 3932 --- [main] pertySourcedRequestMappingHandlerMapping : Mapped URL path [/v2/api-docs] onto method [springfox.documentation.swagger2.web.Swagger2Controller#getDocumentation(String, HttpServletRequest)]
2020-02-04 17:25:28.707  INFO 3932 --- [main] o.s.s.concurrent.ThreadPoolTaskExecutor  : Initializing ExecutorService 'applicationTaskExecutor'
2020-02-04 17:25:29.889  INFO 3932 --- [main] d.s.w.p.DocumentationPluginsBootstrapper : Context refreshed
2020-02-04 17:25:29.967  INFO 3932 --- [main] d.s.w.p.DocumentationPluginsBootstrapper : Found 1 custom documentation plugin(s)
2020-02-04 17:25:30.056  INFO 3932 --- [main] s.d.s.w.s.ApiListingReferenceScanner     : Scanning for api listing references
2020-02-04 17:25:30.474  INFO 3932 --- [main] .d.s.w.r.o.CachingOperationNameGenerator : Generating unique operation named: detailInfoUsingGET_1
2020-02-04 17:25:30.493  INFO 3932 --- [main] .d.s.w.r.o.CachingOperationNameGenerator : Generating unique operation named: pageInfoUsingPOST_1
2020-02-04 17:25:30.515  INFO 3932 --- [main] .d.s.w.r.o.CachingOperationNameGenerator : Generating unique operation named: detailInfoUsingGET_2
2020-02-04 17:25:30.548  INFO 3932 --- [main] .d.s.w.r.o.CachingOperationNameGenerator : Generating unique operation named: pageInfoUsingPOST_2
2020-02-04 17:25:30.657  INFO 3932 --- [main] cn.czy15.zyweb.ZyWebApplicationTests     : Started ZyWebApplicationTests in 20.772 seconds (JVM running for 23.087)
2020-02-04 17:25:31.177  INFO 3932 --- [SpringContextShutdownHook] o.s.s.concurrent.ThreadPoolTaskExecutor  : Shutting down ExecutorService 'applicationTaskExecutor'
2020-02-04 17:25:31.196  INFO 3932 --- [SpringContextShutdownHook] com.alibaba.druid.pool.DruidDataSource   : {dataSource-1} closed
2020-02-04 18:37:59.306  INFO 17396 --- [restartedMain] cn.czy15.zyweb.ZyWebApplication          : Starting ZyWebApplication on B0S8UKBOFJR55TU with PID 17396 (D:\ideapro\zyweb\target\classes started by Administrator in D:\ideapro\zyweb)
2020-02-04 18:37:59.309 DEBUG 17396 --- [restartedMain] cn.czy15.zyweb.ZyWebApplication          : Running with Spring Boot v2.2.2.RELEASE, Spring v5.2.2.RELEASE
2020-02-04 18:37:59.310  INFO 17396 --- [restartedMain] cn.czy15.zyweb.ZyWebApplication          : No active profile set, falling back to default profiles: default
2020-02-04 18:37:59.482  INFO 17396 --- [restartedMain] .e.DevToolsPropertyDefaultsPostProcessor : Devtools property defaults active! Set 'spring.devtools.add-properties' to 'false' to disable
2020-02-04 18:37:59.482  INFO 17396 --- [restartedMain] .e.DevToolsPropertyDefaultsPostProcessor : For additional web related logging consider setting the 'logging.level.web' property to 'DEBUG'
2020-02-04 18:38:02.667  INFO 17396 --- [restartedMain] .s.d.r.c.RepositoryConfigurationDelegate : Multiple Spring Data modules found, entering strict repository configuration mode!
2020-02-04 18:38:02.671  INFO 17396 --- [restartedMain] .s.d.r.c.RepositoryConfigurationDelegate : Bootstrapping Spring Data Redis repositories in DEFAULT mode.
2020-02-04 18:38:02.759  INFO 17396 --- [restartedMain] .s.d.r.c.RepositoryConfigurationDelegate : Finished Spring Data repository scanning in 62ms. Found 0 Redis repository interfaces.
2020-02-04 18:38:03.590  INFO 17396 --- [restartedMain] trationDelegate$BeanPostProcessorChecker : Bean 'shiroConfig' of type [cn.czy15.zyweb.config.ShiroConfig$$EnhancerBySpringCGLIB$$47bbae3] is not eligible for getting processed by all BeanPostProcessors (for example: not eligible for auto-proxying)
2020-02-04 18:38:06.309  INFO 17396 --- [restartedMain] trationDelegate$BeanPostProcessorChecker : Bean 'redisConfig' of type [cn.czy15.zyweb.config.RedisConfig$$EnhancerBySpringCGLIB$$4f4a422d] is not eligible for getting processed by all BeanPostProcessors (for example: not eligible for auto-proxying)
2020-02-04 18:38:06.339  INFO 17396 --- [restartedMain] trationDelegate$BeanPostProcessorChecker : Bean 'spring.redis-org.springframework.boot.autoconfigure.data.redis.RedisProperties' of type [org.springframework.boot.autoconfigure.data.redis.RedisProperties] is not eligible for getting processed by all BeanPostProcessors (for example: not eligible for auto-proxying)
2020-02-04 18:38:06.343  INFO 17396 --- [restartedMain] trationDelegate$BeanPostProcessorChecker : Bean 'org.springframework.boot.autoconfigure.data.redis.LettuceConnectionConfiguration' of type [org.springframework.boot.autoconfigure.data.redis.LettuceConnectionConfiguration] is not eligible for getting processed by all BeanPostProcessors (for example: not eligible for auto-proxying)
2020-02-04 18:38:06.573  INFO 17396 --- [restartedMain] trationDelegate$BeanPostProcessorChecker : Bean 'lettuceClientResources' of type [io.lettuce.core.resource.DefaultClientResources] is not eligible for getting processed by all BeanPostProcessors (for example: not eligible for auto-proxying)
2020-02-04 18:38:06.817  INFO 17396 --- [restartedMain] trationDelegate$BeanPostProcessorChecker : Bean 'redisConnectionFactory' of type [org.springframework.data.redis.connection.lettuce.LettuceConnectionFactory] is not eligible for getting processed by all BeanPostProcessors (for example: not eligible for auto-proxying)
2020-02-04 18:38:07.005  INFO 17396 --- [restartedMain] trationDelegate$BeanPostProcessorChecker : Bean 'redisTemplate' of type [org.springframework.data.redis.core.RedisTemplate] is not eligible for getting processed by all BeanPostProcessors (for example: not eligible for auto-proxying)
2020-02-04 18:38:07.006  INFO 17396 --- [restartedMain] trationDelegate$BeanPostProcessorChecker : Bean 'redisService' of type [cn.czy15.zyweb.service.RedisService] is not eligible for getting processed by all BeanPostProcessors (for example: not eligible for auto-proxying)
2020-02-04 18:38:07.007  INFO 17396 --- [restartedMain] trationDelegate$BeanPostProcessorChecker : Bean 'customHashedCredentialsMatcher' of type [cn.czy15.zyweb.shiro.CustomHashedCredentialsMatcher] is not eligible for getting processed by all BeanPostProcessors (for example: not eligible for auto-proxying)
2020-02-04 18:38:07.010  INFO 17396 --- [restartedMain] trationDelegate$BeanPostProcessorChecker : Bean 'redisCacheManager' of type [cn.czy15.zyweb.shiro.RedisCacheManager] is not eligible for getting processed by all BeanPostProcessors (for example: not eligible for auto-proxying)
2020-02-04 18:38:07.017  INFO 17396 --- [restartedMain] trationDelegate$BeanPostProcessorChecker : Bean 'customRealm' of type [cn.czy15.zyweb.shiro.CustomRealm] is not eligible for getting processed by all BeanPostProcessors (for example: not eligible for auto-proxying)
2020-02-04 18:38:07.035  INFO 17396 --- [restartedMain] trationDelegate$BeanPostProcessorChecker : Bean 'securityManager' of type [org.apache.shiro.web.mgt.DefaultWebSecurityManager] is not eligible for getting processed by all BeanPostProcessors (for example: not eligible for auto-proxying)
2020-02-04 18:38:07.111  INFO 17396 --- [restartedMain] trationDelegate$BeanPostProcessorChecker : Bean 'authorizationAttributeSourceAdvisor' of type [org.apache.shiro.spring.security.interceptor.AuthorizationAttributeSourceAdvisor] is not eligible for getting processed by all BeanPostProcessors (for example: not eligible for auto-proxying)
2020-02-04 18:38:07.160  INFO 17396 --- [restartedMain] trationDelegate$BeanPostProcessorChecker : Bean 'org.springframework.transaction.annotation.ProxyTransactionManagementConfiguration' of type [org.springframework.transaction.annotation.ProxyTransactionManagementConfiguration] is not eligible for getting processed by all BeanPostProcessors (for example: not eligible for auto-proxying)
2020-02-04 18:38:08.122  INFO 17396 --- [restartedMain] o.s.b.w.embedded.tomcat.TomcatWebServer  : Tomcat initialized with port(s): 8333 (http)
2020-02-04 18:38:08.134  INFO 17396 --- [restartedMain] o.apache.catalina.core.StandardService   : Starting service [Tomcat]
2020-02-04 18:38:08.135  INFO 17396 --- [restartedMain] org.apache.catalina.core.StandardEngine  : Starting Servlet engine: [Apache Tomcat/9.0.29]
2020-02-04 18:38:08.325  INFO 17396 --- [restartedMain] o.a.c.c.C.[Tomcat].[localhost].[/]       : Initializing Spring embedded WebApplicationContext
2020-02-04 18:38:08.326  INFO 17396 --- [restartedMain] o.s.web.context.ContextLoader            : Root WebApplicationContext: initialization completed in 8844 ms
2020-02-04 18:38:08.590  INFO 17396 --- [restartedMain] c.a.d.s.b.a.DruidDataSourceAutoConfigure : Init DruidDataSource
2020-02-04 18:38:09.152  INFO 17396 --- [restartedMain] com.alibaba.druid.pool.DruidDataSource   : {dataSource-1} inited
2020-02-04 18:38:10.950  INFO 17396 --- [restartedMain] pertySourcedRequestMappingHandlerMapping : Mapped URL path [/v2/api-docs] onto method [springfox.documentation.swagger2.web.Swagger2Controller#getDocumentation(String, HttpServletRequest)]
2020-02-04 18:38:11.255  INFO 17396 --- [restartedMain] o.s.s.concurrent.ThreadPoolTaskExecutor  : Initializing ExecutorService 'applicationTaskExecutor'
2020-02-04 18:38:11.353  INFO 17396 --- [restartedMain] o.s.b.d.a.OptionalLiveReloadServer       : LiveReload server is running on port 35729
2020-02-04 18:38:12.021  INFO 17396 --- [restartedMain] d.s.w.p.DocumentationPluginsBootstrapper : Context refreshed
2020-02-04 18:38:12.063  INFO 17396 --- [restartedMain] d.s.w.p.DocumentationPluginsBootstrapper : Found 1 custom documentation plugin(s)
2020-02-04 18:38:12.132  INFO 17396 --- [restartedMain] s.d.s.w.s.ApiListingReferenceScanner     : Scanning for api listing references
2020-02-04 18:38:12.499  INFO 17396 --- [restartedMain] .d.s.w.r.o.CachingOperationNameGenerator : Generating unique operation named: detailInfoUsingGET_1
2020-02-04 18:38:12.508  INFO 17396 --- [restartedMain] .d.s.w.r.o.CachingOperationNameGenerator : Generating unique operation named: pageInfoUsingPOST_1
2020-02-04 18:38:12.525  INFO 17396 --- [restartedMain] .d.s.w.r.o.CachingOperationNameGenerator : Generating unique operation named: detailInfoUsingGET_2
2020-02-04 18:38:12.546  INFO 17396 --- [restartedMain] .d.s.w.r.o.CachingOperationNameGenerator : Generating unique operation named: pageInfoUsingPOST_2
2020-02-04 18:38:12.654  INFO 17396 --- [restartedMain] o.s.b.w.embedded.tomcat.TomcatWebServer  : Tomcat started on port(s): 8333 (http) with context path ''
2020-02-04 18:38:12.657  INFO 17396 --- [restartedMain] cn.czy15.zyweb.ZyWebApplication          : Started ZyWebApplication in 14.924 seconds (JVM running for 22.331)
